Determining if the pthread_create exist failed with the following output:
Change Dir: /home/evan/Documents/CSC418/final_project/build/CMakeFiles/CMakeTmp

Run Build Command:"/usr/bin/make" "cmTC_9970e/fast"
/usr/bin/make -f CMakeFiles/cmTC_9970e.dir/build.make CMakeFiles/cmTC_9970e.dir/build
make[1]: Entering directory '/home/evan/Documents/CSC418/final_project/build/CMakeFiles/CMakeTmp'
Building C object CMakeFiles/cmTC_9970e.dir/CheckSymbolExists.c.o
/usr/bin/cc    -o CMakeFiles/cmTC_9970e.dir/CheckSymbolExists.c.o   -c /home/evan/Documents/CSC418/final_project/build/CMakeFiles/CMakeTmp/CheckSymbolExists.c
Linking C executable cmTC_9970e
/usr/bin/cmake -E cmake_link_script CMakeFiles/cmTC_9970e.dir/link.txt --verbose=1
/usr/bin/cc      -rdynamic CMakeFiles/cmTC_9970e.dir/CheckSymbolExists.c.o  -o cmTC_9970e 
CMakeFiles/cmTC_9970e.dir/CheckSymbolExists.c.o: In function `main':
CheckSymbolExists.c:(.text+0x1b): undefined reference to `pthread_create'
collect2: error: ld returned 1 exit status
CMakeFiles/cmTC_9970e.dir/build.make:97: recipe for target 'cmTC_9970e' failed
make[1]: *** [cmTC_9970e] Error 1
make[1]: Leaving directory '/home/evan/Documents/CSC418/final_project/build/CMakeFiles/CMakeTmp'
Makefile:126: recipe for target 'cmTC_9970e/fast' failed
make: *** [cmTC_9970e/fast] Error 2

File /home/evan/Documents/CSC418/final_project/build/CMakeFiles/CMakeTmp/CheckSymbolExists.c:
/* */
#include <pthread.h>

int main(int argc, char** argv)
{
  (void)argv;
#ifndef pthread_create
  return ((int*)(&pthread_create))[argc];
#else
  (void)argc;
  return 0;
#endif
}

Determining if the function pthread_create exists in the pthreads failed with the following output:
Change Dir: /home/evan/Documents/CSC418/final_project/build/CMakeFiles/CMakeTmp

Run Build Command:"/usr/bin/make" "cmTC_6461a/fast"
/usr/bin/make -f CMakeFiles/cmTC_6461a.dir/build.make CMakeFiles/cmTC_6461a.dir/build
make[1]: Entering directory '/home/evan/Documents/CSC418/final_project/build/CMakeFiles/CMakeTmp'
Building C object CMakeFiles/cmTC_6461a.dir/CheckFunctionExists.c.o
/usr/bin/cc   -DCHECK_FUNCTION_EXISTS=pthread_create   -o CMakeFiles/cmTC_6461a.dir/CheckFunctionExists.c.o   -c /usr/share/cmake-3.10/Modules/CheckFunctionExists.c
Linking C executable cmTC_6461a
/usr/bin/cmake -E cmake_link_script CMakeFiles/cmTC_6461a.dir/link.txt --verbose=1
/usr/bin/cc  -DCHECK_FUNCTION_EXISTS=pthread_create    -rdynamic CMakeFiles/cmTC_6461a.dir/CheckFunctionExists.c.o  -o cmTC_6461a -lpthreads 
/usr/bin/ld: cannot find -lpthreads
collect2: error: ld returned 1 exit status
CMakeFiles/cmTC_6461a.dir/build.make:97: recipe for target 'cmTC_6461a' failed
make[1]: *** [cmTC_6461a] Error 1
make[1]: Leaving directory '/home/evan/Documents/CSC418/final_project/build/CMakeFiles/CMakeTmp'
Makefile:126: recipe for target 'cmTC_6461a/fast' failed
make: *** [cmTC_6461a/fast] Error 2


